Traceback (most recent call last):
  File "/home/thomas/Notebook/anaconda/lib/python3.7/site-packages/jupyter_cache/executors/utils.py", line 56, in single_nb_execution
    record_timing=False,
  File "/home/thomas/Notebook/anaconda/lib/python3.7/site-packages/nbclient/client.py", line 1087, in execute
    return NotebookClient(nb=nb, resources=resources, km=km, **kwargs).execute()
  File "/home/thomas/Notebook/anaconda/lib/python3.7/site-packages/nbclient/util.py", line 74, in wrapped
    return just_run(coro(*args, **kwargs))
  File "/home/thomas/Notebook/anaconda/lib/python3.7/site-packages/nbclient/util.py", line 53, in just_run
    return loop.run_until_complete(coro)
  File "/home/thomas/Notebook/anaconda/lib/python3.7/asyncio/base_events.py", line 587, in run_until_complete
    return future.result()
  File "/home/thomas/Notebook/anaconda/lib/python3.7/site-packages/nbclient/client.py", line 541, in async_execute
    cell, index, execution_count=self.code_cells_executed + 1
  File "/home/thomas/Notebook/anaconda/lib/python3.7/site-packages/nbclient/client.py", line 832, in async_execute_cell
    self._check_raise_for_error(cell, exec_reply)
  File "/home/thomas/Notebook/anaconda/lib/python3.7/site-packages/nbclient/client.py", line 740, in _check_raise_for_error
    raise CellExecutionError.from_cell_and_msg(cell, exec_reply['content'])
nbclient.exceptions.CellExecutionError: An error occurred while executing the following cell:
------------------
def multi_hit(x,y,adu,ndrop,roi,adc_int):
    img = create_img_v1(x,y,adu,ndrop,adu_int,False)
    vmin, vmax = np.percentile(img, [1, 99])
    plt.imshow(img_1ph, origin='lower',vmin=vmin, vmax=vmax,aspect='auto')
    plt.plot([roi[2],roi[2]],[roi[0],roi[1]],'w--')
    plt.plot([roi[3],roi[3]],[roi[0],roi[1]],'w--')
    plt.ylim((roi[0],roi[1]))
    return img

plt.figure(figsize=(12,12))
plt.subplot(441); plt.title('One-photon hits')
adu_int = adu_xes
ind, = np.where((y >= roi[2]) & (y <= roi[3]))
hist, bin_edges = np.histogram(adu[ind],bins = np.arange(0,400))
ylims = [0.0001*np.max(hist),1.1*np.max(hist)]
plt.plot([adu_int[0],adu_int[0]],ylims,'-',color='r')
plt.plot([adu_int[1],adu_int[1]],ylims,'-',color='r')
plt.plot(bin_edges[1:]-0.5,hist,'b')
plt.yscale('log')
plt.subplot(442); plt.title('Detector image')
img = multi_hit(x,y,adu,ndrop,roi,adu_int)
plt.subplot(443); plt.title('Spatial projection (zoomed in)')
plt.plot(np.sum(img, axis=0)/len(ndrop))
plt.ylabel('Signal / no. shots')
plt.subplot(444); plt.title('Energy-dispersive projection')
plt.plot(np.sum(img, axis=1)/len(ndrop))
plt.ylabel('Signal / no. shots')

plt.subplot(445); plt.title('Two-photon hits (XES)')
adu_int = [2.*adu_xes[0],2.*adu_xes[1]]
plt.plot([adu_int[0],adu_int[0]],ylims,'-',color='r')
plt.plot([adu_int[1],adu_int[1]],ylims,'-',color='r')
plt.plot(bin_edges[1:]-0.5,hist,'b')
plt.yscale('log')
plt.subplot(446); plt.title('Detector image')
img = multi_hit(x,y,adu,ndrop,roi,adu_int)
plt.subplot(447); plt.title('Spatial projection (zoomed in)')
plt.plot(np.sum(img, axis=0)/len(ndrop))
plt.ylabel('Signal / no. shots')
plt.subplot(448); plt.title('Energy-dispersive projection')
plt.plot(np.sum(img, axis=1)/len(ndrop))
plt.ylabel('Signal / no. shots')

plt.subplot(449); plt.title('Two-photon hits (XES+elastic)')
adu_int = [adu_xes[0]+145,adu_xes[1]+180]
plt.plot([adu_int[0],adu_int[0]],ylims,'-',color='r')
plt.plot([adu_int[1],adu_int[1]],ylims,'-',color='r')
plt.plot(bin_edges[1:]-0.5,hist,'b')
plt.yscale('log')
plt.subplot(4,4,10); plt.title('Detector image')
img = multi_hit(x,y,adu,ndrop,roi,adu_int)
plt.subplot(4,4,11); plt.title('Spatial projection (zoomed in)')
plt.plot(np.sum(img, axis=0)/len(ndrop))
plt.ylabel('Signal / no. shots')
plt.subplot(4,4,12); plt.title('Energy-dispersive projection')
plt.plot(np.sum(img, axis=1)/len(ndrop))
plt.ylabel('Signal / no. shots')

plt.subplot(4,4,13); plt.title('Three-photon hits (XES)')
adu_int = [3.*adu_xes[0],3.*adu_xes[1]]
plt.plot([adu_int[0],adu_int[0]],ylims,'-',color='r')
plt.plot([adu_int[1],adu_int[1]],ylims,'-',color='r')
plt.plot(bin_edges[1:]-0.5,hist,'b')
plt.yscale('log')
plt.subplot(4,4,14); plt.title('Detector image')
img = multi_hit(x,y,adu,ndrop,roi,adu_int)
plt.subplot(4,4,15); plt.title('Spatial projection (zoomed in)')
plt.plot(np.sum(img, axis=0)/len(ndrop))
plt.ylabel('Signal / no. shots')
plt.subplot(4,4,16); plt.title('Energy-dispersive projection')
plt.plot(np.sum(img, axis=1)/len(ndrop))
plt.ylabel('Signal / no. shots')

plt.tight_layout(); plt.show()
------------------

[0;31m---------------------------------------------------------------------------[0m
[0;31mNameError[0m                                 Traceback (most recent call last)
[0;32m<ipython-input-8-d1d4085999af>[0m in [0;36m<module>[0;34m[0m
[1;32m     19[0m [0mplt[0m[0;34m.[0m[0myscale[0m[0;34m([0m[0;34m'log'[0m[0;34m)[0m[0;34m[0m[0;34m[0m[0m
[1;32m     20[0m [0mplt[0m[0;34m.[0m[0msubplot[0m[0;34m([0m[0;36m442[0m[0;34m)[0m[0;34m;[0m [0mplt[0m[0;34m.[0m[0mtitle[0m[0;34m([0m[0;34m'Detector image'[0m[0;34m)[0m[0;34m[0m[0;34m[0m[0m
[0;32m---> 21[0;31m [0mimg[0m [0;34m=[0m [0mmulti_hit[0m[0;34m([0m[0mx[0m[0;34m,[0m[0my[0m[0;34m,[0m[0madu[0m[0;34m,[0m[0mndrop[0m[0;34m,[0m[0mroi[0m[0;34m,[0m[0madu_int[0m[0;34m)[0m[0;34m[0m[0;34m[0m[0m
[0m[1;32m     22[0m [0mplt[0m[0;34m.[0m[0msubplot[0m[0;34m([0m[0;36m443[0m[0;34m)[0m[0;34m;[0m [0mplt[0m[0;34m.[0m[0mtitle[0m[0;34m([0m[0;34m'Spatial projection (zoomed in)'[0m[0;34m)[0m[0;34m[0m[0;34m[0m[0m
[1;32m     23[0m [0mplt[0m[0;34m.[0m[0mplot[0m[0;34m([0m[0mnp[0m[0;34m.[0m[0msum[0m[0;34m([0m[0mimg[0m[0;34m,[0m [0maxis[0m[0;34m=[0m[0;36m0[0m[0;34m)[0m[0;34m/[0m[0mlen[0m[0;34m([0m[0mndrop[0m[0;34m)[0m[0;34m)[0m[0;34m[0m[0;34m[0m[0m

[0;32m<ipython-input-8-d1d4085999af>[0m in [0;36mmulti_hit[0;34m(x, y, adu, ndrop, roi, adc_int)[0m
[1;32m      2[0m     [0mimg[0m [0;34m=[0m [0mcreate_img_v1[0m[0;34m([0m[0mx[0m[0;34m,[0m[0my[0m[0;34m,[0m[0madu[0m[0;34m,[0m[0mndrop[0m[0;34m,[0m[0madu_int[0m[0;34m,[0m[0;32mFalse[0m[0;34m)[0m[0;34m[0m[0;34m[0m[0m
[1;32m      3[0m     [0mvmin[0m[0;34m,[0m [0mvmax[0m [0;34m=[0m [0mnp[0m[0;34m.[0m[0mpercentile[0m[0;34m([0m[0mimg[0m[0;34m,[0m [0;34m[[0m[0;36m1[0m[0;34m,[0m [0;36m99[0m[0;34m][0m[0;34m)[0m[0;34m[0m[0;34m[0m[0m
[0;32m----> 4[0;31m     [0mplt[0m[0;34m.[0m[0mimshow[0m[0;34m([0m[0mimg_1ph[0m[0;34m,[0m [0morigin[0m[0;34m=[0m[0;34m'lower'[0m[0;34m,[0m[0mvmin[0m[0;34m=[0m[0mvmin[0m[0;34m,[0m [0mvmax[0m[0;34m=[0m[0mvmax[0m[0;34m,[0m[0maspect[0m[0;34m=[0m[0;34m'auto'[0m[0;34m)[0m[0;34m[0m[0;34m[0m[0m
[0m[1;32m      5[0m     [0mplt[0m[0;34m.[0m[0mplot[0m[0;34m([0m[0;34m[[0m[0mroi[0m[0;34m[[0m[0;36m2[0m[0;34m][0m[0;34m,[0m[0mroi[0m[0;34m[[0m[0;36m2[0m[0;34m][0m[0;34m][0m[0;34m,[0m[0;34m[[0m[0mroi[0m[0;34m[[0m[0;36m0[0m[0;34m][0m[0;34m,[0m[0mroi[0m[0;34m[[0m[0;36m1[0m[0;34m][0m[0;34m][0m[0;34m,[0m[0;34m'w--'[0m[0;34m)[0m[0;34m[0m[0;34m[0m[0m
[1;32m      6[0m     [0mplt[0m[0;34m.[0m[0mplot[0m[0;34m([0m[0;34m[[0m[0mroi[0m[0;34m[[0m[0;36m3[0m[0;34m][0m[0;34m,[0m[0mroi[0m[0;34m[[0m[0;36m3[0m[0;34m][0m[0;34m][0m[0;34m,[0m[0;34m[[0m[0mroi[0m[0;34m[[0m[0;36m0[0m[0;34m][0m[0;34m,[0m[0mroi[0m[0;34m[[0m[0;36m1[0m[0;34m][0m[0;34m][0m[0;34m,[0m[0;34m'w--'[0m[0;34m)[0m[0;34m[0m[0;34m[0m[0m

[0;31mNameError[0m: name 'img_1ph' is not defined
NameError: name 'img_1ph' is not defined

